
> backend@1.0.0 dev:server
> ts-node-dev --respawn --transpile-only --ignore node_modules src/server.ts

[INFO] 16:16:38 ts-node-dev ver. 1.1.8 (using ts-node ver. 9.1.1, typescript ver. 4.9.5)
[32mINFO[39m [16:16:43.379] (44648): [36mServer started on port: 3001[39m
[32mINFO[39m [16:16:43.379] (44648): [36mIniciando processamento de filas[39m
[32mINFO[39m [16:16:43.380] (44648): [36m🚀 Iniciando jobs de automação...[39m
[32mINFO[39m [16:16:43.381] (44648): [36m✅ LembreteJob (24h) iniciado - Cron: 0 * * * *[39m
[32mINFO[39m [16:16:43.381] (44648): [36m✅ NpsJob iniciado - Cron: 0 20 * * *[39m
[32mINFO[39m [16:16:43.382] (44648): [36m✅ ReativacaoJob iniciado - Cron: 0 10 * * 1[39m
[32mINFO[39m [16:16:43.382] (44648): [36m✨ Todos os jobs de automação foram iniciados com sucesso![39m
[32mINFO[39m [16:17:00.016] (44648): [36mCampanhas encontradas: 0[39m
[33mWARN[39m [16:17:19.474] (44648):
    message: "ERR_SESSION_EXPIRED"
    statusCode: 401
[32mINFO[39m [16:17:20.009] (44648): [36mCampanhas encontradas: 0[39m
[33mWARN[39m [16:17:20.102] (44648):
    message: "ERR_SESSION_EXPIRED"
    statusCode: 401
[33mWARN[39m [16:17:20.753] (44648):
    message: "ERR_SESSION_EXPIRED"
    statusCode: 401
[33mWARN[39m [16:17:31.694] (44648):
    message: "ERR_INVALID_CREDENTIALS"
    statusCode: 401
[32mINFO[39m [16:17:40.009] (44648): [36mCampanhas encontradas: 0[39m
[32mINFO[39m [16:18:00.012] (44648): [36mCampanhas encontradas: 0[39m
[32mINFO[39m [16:18:20.009] (44648): [36mCampanhas encontradas: 0[39m
[32mINFO[39m [16:18:40.010] (44648): [36mCampanhas encontradas: 0[39m
[32mINFO[39m [16:19:00.012] (44648): [36mCampanhas encontradas: 0[39m
[32mINFO[39m [16:19:20.009] (44648): [36mCampanhas encontradas: 0[39m
[32mINFO[39m [16:19:40.008] (44648): [36mCampanhas encontradas: 0[39m
[32mINFO[39m [16:20:00.016] (44648): [36mCampanhas encontradas: 0[39m
[32mINFO[39m [16:20:20.016] (44648): [36mCampanhas encontradas: 0[39m
[32mINFO[39m [16:20:40.019] (44648): [36mCampanhas encontradas: 0[39m
[32mINFO[39m [16:21:00.012] (44648): [36mCampanhas encontradas: 0[39m
[33mWARN[39m [16:21:07.331] (44648):
    message: "ERR_INVALID_CREDENTIALS"
    statusCode: 401
[33mWARN[39m [16:21:15.091] (44648):
    message: "ERR_INVALID_CREDENTIALS"
    statusCode: 401
[32mINFO[39m [16:21:20.008] (44648): [36mCampanhas encontradas: 0[39m
[32mINFO[39m [16:21:40.011] (44648): [36mCampanhas encontradas: 0[39m
[32mINFO[39m [16:22:00.022] (44648): [36mCampanhas encontradas: 0[39m
[33mWARN[39m [16:22:15.258] (44648):
    message: "Invalid token. We'll try to assign a new one on next request"
    statusCode: 403
[33mWARN[39m [16:22:15.930] (44648):
    message: "Invalid token. We'll try to assign a new one on next request"
    statusCode: 403
[33mWARN[39m [16:22:16.510] (44648):
    message: "Invalid token. We'll try to assign a new one on next request"
    statusCode: 403
[32mINFO[39m [16:22:20.009] (44648): [36mCampanhas encontradas: 0[39m
[32mINFO[39m [16:22:40.008] (44648): [36mCampanhas encontradas: 0[39m
[31mERROR[39m [16:22:51.897] (44648): [36mModel not initialized: Member "findAndCountAll" cannot be called. "Procedimento" needs to be added to a Sequelize instance.[39m
    err: {
      "type": "ModelNotInitializedError",
      "message": "Model not initialized: Member \"findAndCountAll\" cannot be called. \"Procedimento\" needs to be added to a Sequelize instance.",
      "stack":
          Error: Model not initialized: Member "findAndCountAll" cannot be called. "Procedimento" needs to be added to a Sequelize instance.
              at Procedimento.Model.<computed> (C:\Users\lucas\estetica-sales-system\crm-tigre\saaskdmcodigo\backend\node_modules\sequelize-typescript\dist\model\model\model.js:115:23)
              at Procedimento.Model.<computed> [as findAndCountAll] (C:\Users\lucas\estetica-sales-system\crm-tigre\saaskdmcodigo\backend\node_modules\sequelize-typescript\dist\model\model\model.js:129:28)
              at ListProcedimentosService (C:\Users\lucas\estetica-sales-system\crm-tigre\saaskdmcodigo\backend\src\services\ProcedimentoServices\ListProcedimentosService.ts:61:61)
              at index (C:\Users\lucas\estetica-sales-system\crm-tigre\saaskdmcodigo\backend\src\controllers\ProcedimentoController.ts:34:75)
              at newFn (C:\Users\lucas\estetica-sales-system\crm-tigre\saaskdmcodigo\backend\node_modules\express-async-errors\index.js:16:20)
              at Layer.handle [as handle_request] (C:\Users\lucas\estetica-sales-system\crm-tigre\saaskdmcodigo\backend\node_modules\express\lib\router\layer.js:95:5)
              at next (C:\Users\lucas\estetica-sales-system\crm-tigre\saaskdmcodigo\backend\node_modules\express\lib\router\route.js:149:13)
              at isAuth (C:\Users\lucas\estetica-sales-system\crm-tigre\saaskdmcodigo\backend\src\middleware\isAuth.ts:37:10)
              at newFn (C:\Users\lucas\estetica-sales-system\crm-tigre\saaskdmcodigo\backend\node_modules\express-async-errors\index.js:16:20)
              at Layer.handle [as handle_request] (C:\Users\lucas\estetica-sales-system\crm-tigre\saaskdmcodigo\backend\node_modules\express\lib\router\layer.js:95:5)
              at next (C:\Users\lucas\estetica-sales-system\crm-tigre\saaskdmcodigo\backend\node_modules\express\lib\router\route.js:149:13)
              at Route.dispatch (C:\Users\lucas\estetica-sales-system\crm-tigre\saaskdmcodigo\backend\node_modules\express\lib\router\route.js:119:3)
              at newFn (C:\Users\lucas\estetica-sales-system\crm-tigre\saaskdmcodigo\backend\node_modules\express-async-errors\index.js:16:20)
              at Layer.handle [as handle_request] (C:\Users\lucas\estetica-sales-system\crm-tigre\saaskdmcodigo\backend\node_modules\express\lib\router\layer.js:95:5)
              at C:\Users\lucas\estetica-sales-system\crm-tigre\saaskdmcodigo\backend\node_modules\express\lib\router\index.js:284:15
              at router.process_params (C:\Users\lucas\estetica-sales-system\crm-tigre\saaskdmcodigo\backend\node_modules\express\lib\router\index.js:346:12)
              at next (C:\Users\lucas\estetica-sales-system\crm-tigre\saaskdmcodigo\backend\node_modules\express\lib\router\index.js:280:10)
              at router.handle (C:\Users\lucas\estetica-sales-system\crm-tigre\saaskdmcodigo\backend\node_modules\express\lib\router\index.js:175:3)
              at router (C:\Users\lucas\estetica-sales-system\crm-tigre\saaskdmcodigo\backend\node_modules\express\lib\router\index.js:47:12)
              at newFn (C:\Users\lucas\estetica-sales-system\crm-tigre\saaskdmcodigo\backend\node_modules\express-async-errors\index.js:16:20)
              at Layer.handle [as handle_request] (C:\Users\lucas\estetica-sales-system\crm-tigre\saaskdmcodigo\backend\node_modules\express\lib\router\layer.js:95:5)
              at trim_prefix (C:\Users\lucas\estetica-sales-system\crm-tigre\saaskdmcodigo\backend\node_modules\express\lib\router\index.js:328:13)
    }
[32mINFO[39m [16:23:00.013] (44648): [36mCampanhas encontradas: 0[39m
[32mINFO[39m [16:23:20.010] (44648): [36mCampanhas encontradas: 0[39m
[32mINFO[39m [16:23:40.010] (44648): [36mCampanhas encontradas: 0[39m
[32mINFO[39m [16:24:00.011] (44648): [36mCampanhas encontradas: 0[39m
[32mINFO[39m [16:24:20.011] (44648): [36mCampanhas encontradas: 0[39m
[32mINFO[39m [16:24:40.007] (44648): [36mCampanhas encontradas: 0[39m
[32mINFO[39m [16:25:00.014] (44648): [36mCampanhas encontradas: 0[39m
[32mINFO[39m [16:25:20.008] (44648): [36mCampanhas encontradas: 0[39m
[32mINFO[39m [16:25:40.008] (44648): [36mCampanhas encontradas: 0[39m
[32mINFO[39m [16:26:00.012] (44648): [36mCampanhas encontradas: 0[39m
[32mINFO[39m [16:26:20.010] (44648): [36mCampanhas encontradas: 0[39m
[32mINFO[39m [16:26:40.008] (44648): [36mCampanhas encontradas: 0[39m
[32mINFO[39m [16:27:00.013] (44648): [36mCampanhas encontradas: 0[39m
[32mINFO[39m [16:27:20.009] (44648): [36mCampanhas encontradas: 0[39m
[32mINFO[39m [16:27:40.011] (44648): [36mCampanhas encontradas: 0[39m
[32mINFO[39m [16:28:00.012] (44648): [36mCampanhas encontradas: 0[39m
[32mINFO[39m [16:28:20.008] (44648): [36mCampanhas encontradas: 0[39m
[32mINFO[39m [16:28:40.008] (44648): [36mCampanhas encontradas: 0[39m
[32mINFO[39m [16:29:00.012] (44648): [36mCampanhas encontradas: 0[39m
[32mINFO[39m [16:29:20.009] (44648): [36mCampanhas encontradas: 0[39m
[32mINFO[39m [16:29:40.008] (44648): [36mCampanhas encontradas: 0[39m
[32mINFO[39m [16:30:00.011] (44648): [36mCampanhas encontradas: 0[39m
[32mINFO[39m [16:30:20.009] (44648): [36mCampanhas encontradas: 0[39m
[32mINFO[39m [16:30:40.011] (44648): [36mCampanhas encontradas: 0[39m
[32mINFO[39m [16:31:00.011] (44648): [36mCampanhas encontradas: 0[39m
[32mINFO[39m [16:31:20.007] (44648): [36mCampanhas encontradas: 0[39m
[32mINFO[39m [16:31:40.010] (44648): [36mCampanhas encontradas: 0[39m
[32mINFO[39m [16:32:00.014] (44648): [36mCampanhas encontradas: 0[39m
[32mINFO[39m [16:32:20.009] (44648): [36mCampanhas encontradas: 0[39m
[32mINFO[39m [16:32:40.010] (44648): [36mCampanhas encontradas: 0[39m
[32mINFO[39m [16:33:00.015] (44648): [36mCampanhas encontradas: 0[39m
[32mINFO[39m [16:33:20.011] (44648): [36mCampanhas encontradas: 0[39m
[32mINFO[39m [16:33:40.009] (44648): [36mCampanhas encontradas: 0[39m
[32mINFO[39m [16:34:00.013] (44648): [36mCampanhas encontradas: 0[39m
[32mINFO[39m [16:34:20.008] (44648): [36mCampanhas encontradas: 0[39m
[32mINFO[39m [16:34:40.009] (44648): [36mCampanhas encontradas: 0[39m
[32mINFO[39m [16:35:00.012] (44648): [36mCampanhas encontradas: 0[39m
[32mINFO[39m [16:35:20.008] (44648): [36mCampanhas encontradas: 0[39m
